<?xml version="1.0" encoding="UTF-8"?>
<testng-results ignored="0" total="1" passed="1" failed="0" skipped="0">
  <reporter-output>
  </reporter-output>
  <suite started-at="2023-06-22T22:11:10 EDT" name="Surefire suite" finished-at="2023-06-22T22:11:15 EDT" duration-ms="4911">
    <groups>
      <group name="cucumber">
        <method signature="AbstractTestNGCucumberTests.runScenario(io.cucumber.testng.PickleWrapper,io.cucumber.testng.FeatureWrapper)[pri:0, instance:TestRunner@48e4374]" name="runScenario" class="io.cucumber.testng.AbstractTestNGCucumberTests"/>
      </group> <!-- cucumber -->
    </groups>
    <test started-at="2023-06-22T22:11:10 EDT" name="Surefire test" finished-at="2023-06-22T22:11:15 EDT" duration-ms="4911">
      <class name="TestRunner">
        <test-method is-config="true" signature="setUpClass(org.testng.ITestContext)[pri:0, instance:TestRunner@48e4374]" started-at="2023-06-22T22:11:10 EDT" name="setUpClass" finished-at="2023-06-22T22:11:11 EDT" duration-ms="297" status="PASS">
          <params>
            <param index="0">
              <value>
                <![CDATA[org.testng.TestRunner@618b19ad]]>
              </value>
            </param>
          </params>
          <reporter-output>
          </reporter-output>
        </test-method> <!-- setUpClass -->
        <test-method signature="runScenario(io.cucumber.testng.PickleWrapper,io.cucumber.testng.FeatureWrapper)[pri:0, instance:TestRunner@48e4374]" started-at="2023-06-22T22:11:11 EDT" name="runScenario" description="Runs Cucumber Scenarios" data-provider="scenarios" finished-at="2023-06-22T22:11:15 EDT" duration-ms="4564" status="PASS">
          <params>
            <param index="0">
              <value>
                <![CDATA["Test successful signup"]]>
              </value>
            </param>
            <param index="1">
              <value>
                <![CDATA["Sign up"]]>
              </value>
            </param>
          </params>
          <reporter-output>
          </reporter-output>
        </test-method> <!-- runScenario -->
        <test-method is-config="true" signature="tearDownClass()[pri:0, instance:TestRunner@48e4374]" started-at="2023-06-22T22:11:15 EDT" name="tearDownClass" finished-at="2023-06-22T22:11:15 EDT" duration-ms="28" status="PASS">
          <reporter-output>
          </reporter-output>
        </test-method> <!-- tearDownClass -->
      </class> <!-- TestRunner -->
    </test> <!-- Surefire test -->
  </suite> <!-- Surefire suite -->
</testng-results>
